<?xml version="1.0" encoding="UTF-8"?>
<coverage generated="1615647578583" clover="3.2.0">
  <project timestamp="1615647578583" name="All files">
    <metrics statements="20" coveredstatements="16" conditionals="4" coveredconditionals="2" methods="12" coveredmethods="6" elements="36" coveredelements="24" complexity="0" loc="20" ncloc="20" packages="1" files="3" classes="3"/>
    <file name="basic.js" path="/Users/eason/Desktop/github/front-end-complete-book/chapter02/code/jest/utils/basic.js">
      <metrics statements="12" coveredstatements="9" conditionals="4" coveredconditionals="2" methods="6" coveredmethods="4"/>
      <line num="1" count="2" type="stmt"/>
      <line num="2" count="2" type="stmt"/>
      <line num="5" count="1" type="cond" truecount="1" falsecount="1"/>
      <line num="6" count="1" type="cond" truecount="1" falsecount="1"/>
      <line num="7" count="1" type="stmt"/>
      <line num="15" count="1" type="stmt"/>
      <line num="16" count="1" type="stmt"/>
      <line num="17" count="0" type="stmt"/>
      <line num="21" count="0" type="stmt"/>
      <line num="22" count="0" type="stmt"/>
      <line num="26" count="1" type="stmt"/>
      <line num="29" count="2" type="stmt"/>
    </file>
    <file name="funcList.js" path="/Users/eason/Desktop/github/front-end-complete-book/chapter02/code/jest/utils/funcList.js">
      <metrics statements="5" coveredstatements="4" conditionals="0" coveredconditionals="0" methods="3" coveredmethods="2"/>
      <line num="6" count="1" type="stmt"/>
      <line num="8" count="1" type="stmt"/>
      <line num="9" count="1" type="stmt"/>
      <line num="10" count="0" type="stmt"/>
      <line num="12" count="1" type="stmt"/>
    </file>
    <file name="mockUtil.js" path="/Users/eason/Desktop/github/front-end-complete-book/chapter02/code/jest/utils/mockUtil.js">
      <metrics statements="3" coveredstatements="3" conditionals="0" coveredconditionals="0" methods="3" coveredmethods="0"/>
      <line num="1" count="2" type="stmt"/>
      <line num="2" count="2" type="stmt"/>
      <line num="3" count="2" type="stmt"/>
    </file>
  </project>
</coverage>
