{"/Users/eason/Desktop/github/front-end-complete-book/chapter02/code/jest/utils/basic.js": {"path":"/Users/eason/Desktop/github/front-end-complete-book/chapter02/code/jest/utils/basic.js","statementMap":{"0":{"start":{"line":1,"column":14},"end":{"line":1,"column":30}},"1":{"start":{"line":2,"column":10},"end":{"line":2,"column":56}},"2":{"start":{"line":5,"column":13},"end":{"line":5,"column":19}},"3":{"start":{"line":6,"column":13},"end":{"line":6,"column":19}},"4":{"start":{"line":7,"column":2},"end":{"line":7,"column":17}},"5":{"start":{"line":15,"column":2},"end":{"line":17,"column":42}},"6":{"start":{"line":16,"column":19},"end":{"line":16,"column":27}},"7":{"start":{"line":17,"column":22},"end":{"line":17,"column":40}},"8":{"start":{"line":21,"column":14},"end":{"line":21,"column":31}},"9":{"start":{"line":22,"column":2},"end":{"line":22,"column":13}},"10":{"start":{"line":26,"column":3},"end":{"line":26,"column":32}},"11":{"start":{"line":29,"column":0},"end":{"line":34,"column":1}}},"fnMap":{"0":{"name":"sum","decl":{"start":{"line":4,"column":9},"end":{"line":4,"column":12}},"loc":{"start":{"line":4,"column":17},"end":{"line":8,"column":1}},"line":4},"1":{"name":"fetchData","decl":{"start":{"line":14,"column":9},"end":{"line":14,"column":18}},"loc":{"start":{"line":14,"column":21},"end":{"line":18,"column":1}},"line":14},"2":{"name":"(anonymous_2)","decl":{"start":{"line":16,"column":12},"end":{"line":16,"column":13}},"loc":{"start":{"line":16,"column":19},"end":{"line":16,"column":27}},"line":16},"3":{"name":"(anonymous_3)","decl":{"start":{"line":17,"column":13},"end":{"line":17,"column":14}},"loc":{"start":{"line":17,"column":22},"end":{"line":17,"column":40}},"line":17},"4":{"name":"fetchDataWithAwait","decl":{"start":{"line":20,"column":15},"end":{"line":20,"column":33}},"loc":{"start":{"line":20,"column":36},"end":{"line":23,"column":1}},"line":20},"5":{"name":"testException","decl":{"start":{"line":25,"column":9},"end":{"line":25,"column":22}},"loc":{"start":{"line":25,"column":24},"end":{"line":27,"column":1}},"line":25}},"branchMap":{"0":{"loc":{"start":{"line":5,"column":13},"end":{"line":5,"column":19}},"type":"binary-expr","locations":[{"start":{"line":5,"column":13},"end":{"line":5,"column":14}},{"start":{"line":5,"column":18},"end":{"line":5,"column":19}}],"line":5},"1":{"loc":{"start":{"line":6,"column":13},"end":{"line":6,"column":19}},"type":"binary-expr","locations":[{"start":{"line":6,"column":13},"end":{"line":6,"column":14}},{"start":{"line":6,"column":18},"end":{"line":6,"column":19}}],"line":6}},"s":{"0":2,"1":2,"2":1,"3":1,"4":1,"5":1,"6":1,"7":0,"8":0,"9":0,"10":1,"11":2},"f":{"0":1,"1":1,"2":1,"3":0,"4":0,"5":1},"b":{"0":[1,0],"1":[1,0]},"_coverageSchema":"1a1c01bbd47fc00a2c39e90264f33305004495a9","hash":"b03df62683ec886a1ad8d5c587bc799b6d3ee488"}
,"/Users/eason/Desktop/github/front-end-complete-book/chapter02/code/jest/utils/funcList.js": {"path":"/Users/eason/Desktop/github/front-end-complete-book/chapter02/code/jest/utils/funcList.js","statementMap":{"0":{"start":{"line":6,"column":14},"end":{"line":6,"column":30}},"1":{"start":{"line":8,"column":2},"end":{"line":10,"column":42}},"2":{"start":{"line":9,"column":19},"end":{"line":9,"column":27}},"3":{"start":{"line":10,"column":22},"end":{"line":10,"column":40}},"4":{"start":{"line":12,"column":0},"end":{"line":14,"column":1}}},"fnMap":{"0":{"name":"listApps","decl":{"start":{"line":7,"column":9},"end":{"line":7,"column":17}},"loc":{"start":{"line":7,"column":20},"end":{"line":11,"column":1}},"line":7},"1":{"name":"(anonymous_1)","decl":{"start":{"line":9,"column":12},"end":{"line":9,"column":13}},"loc":{"start":{"line":9,"column":19},"end":{"line":9,"column":27}},"line":9},"2":{"name":"(anonymous_2)","decl":{"start":{"line":10,"column":13},"end":{"line":10,"column":14}},"loc":{"start":{"line":10,"column":22},"end":{"line":10,"column":40}},"line":10}},"branchMap":{},"s":{"0":1,"1":1,"2":1,"3":0,"4":1},"f":{"0":1,"1":1,"2":0},"b":{},"_coverageSchema":"1a1c01bbd47fc00a2c39e90264f33305004495a9","hash":"2737efb164b58b06c5c2ab0158758d52e771c253"}
,"/Users/eason/Desktop/github/front-end-complete-book/chapter02/code/jest/utils/mockUtil.js": {"path":"/Users/eason/Desktop/github/front-end-complete-book/chapter02/code/jest/utils/mockUtil.js","statementMap":{"0":{"start":{"line":1,"column":0},"end":{"line":1,"column":39}},"1":{"start":{"line":1,"column":26},"end":{"line":1,"column":37}},"2":{"start":{"line":1,"column":32},"end":{"line":1,"column":37}},"3":{"start":{"line":2,"column":0},"end":{"line":2,"column":34}},"4":{"start":{"line":2,"column":29},"end":{"line":2,"column":33}},"5":{"start":{"line":3,"column":0},"end":{"line":3,"column":35}},"6":{"start":{"line":3,"column":29},"end":{"line":3,"column":34}}},"fnMap":{"0":{"name":"(anonymous_0)","decl":{"start":{"line":1,"column":18},"end":{"line":1,"column":19}},"loc":{"start":{"line":1,"column":24},"end":{"line":1,"column":38}},"line":1},"1":{"name":"(anonymous_1)","decl":{"start":{"line":2,"column":19},"end":{"line":2,"column":20}},"loc":{"start":{"line":2,"column":29},"end":{"line":2,"column":33}},"line":2},"2":{"name":"(anonymous_2)","decl":{"start":{"line":3,"column":19},"end":{"line":3,"column":20}},"loc":{"start":{"line":3,"column":29},"end":{"line":3,"column":34}},"line":3}},"branchMap":{},"s":{"0":2,"1":0,"2":0,"3":2,"4":0,"5":2,"6":0},"f":{"0":0,"1":0,"2":0},"b":{},"_coverageSchema":"1a1c01bbd47fc00a2c39e90264f33305004495a9","hash":"67fa226c315f73cc8f7699c9bc0a9d1f74daf560"}
}
