TN:
SF:utils/basic.js
FN:4,sum
FN:14,fetchData
FN:16,(anonymous_2)
FN:17,(anonymous_3)
FN:20,fetchDataWithAwait
FN:25,testException
FNF:6
FNH:4
FNDA:1,sum
FNDA:1,fetchData
FNDA:1,(anonymous_2)
FNDA:0,(anonymous_3)
FNDA:0,fetchDataWithAwait
FNDA:1,testException
DA:1,2
DA:2,2
DA:5,1
DA:6,1
DA:7,1
DA:15,1
DA:16,1
DA:17,0
DA:21,0
DA:22,0
DA:26,1
DA:29,2
LF:12
LH:9
BRDA:5,0,0,1
BRDA:5,0,1,0
BRDA:6,1,0,1
BRDA:6,1,1,0
BRF:4
BRH:2
end_of_record
TN:
SF:utils/funcList.js
FN:7,listApps
FN:9,(anonymous_1)
FN:10,(anonymous_2)
FNF:3
FNH:2
FNDA:1,listApps
FNDA:1,(anonymous_1)
FNDA:0,(anonymous_2)
DA:6,1
DA:8,1
DA:9,1
DA:10,0
DA:12,1
LF:5
LH:4
BRF:0
BRH:0
end_of_record
TN:
SF:utils/mockUtil.js
FN:1,(anonymous_0)
FN:2,(anonymous_1)
FN:3,(anonymous_2)
FNF:3
FNH:0
FNDA:0,(anonymous_0)
FNDA:0,(anonymous_1)
FNDA:0,(anonymous_2)
DA:1,2
DA:2,2
DA:3,2
LF:3
LH:3
BRF:0
BRH:0
end_of_record
